<?xml version="1.0" encoding="UTF-8"?>
<!-- Generated by org.testng.reporters.JUnitReportReporter -->
<testsuite hostname="LTIN484829" failures="0" tests="1" name="TestCase.TS002_HomeLoanTest" time="0.941" errors="0" timestamp="2024-11-05T14:30:37 IST" skipped="0">
  <testcase classname="TestCase.TS002_HomeLoanTest" name="validate_HomeLoanPage" time="0.941"/>
</testsuite> <!-- TestCase.TS002_HomeLoanTest -->
