<?xml version="1.0" encoding="UTF-8"?>
<!-- Generated by org.testng.reporters.JUnitReportReporter -->
<testsuite hostname="LTIN484829" failures="0" tests="1" name="TestCase.TS005_UI_LoanTenureCalc" time="0.662" errors="0" timestamp="2024-11-05T14:30:37 IST" skipped="0">
  <testcase classname="TestCase.TS005_UI_LoanTenureCalc" name="validate_EMICalPage" time="0.662"/>
</testsuite> <!-- TestCase.TS005_UI_LoanTenureCalc -->
