<?xml version="1.0" encoding="UTF-8"?>
<!-- Generated by org.testng.reporters.JUnitReportReporter -->
<testsuite hostname="LTIN484829" failures="0" tests="1" name="TestCase.TS003_UI_EMIcalculator" time="2.294" errors="0" timestamp="2024-11-05T14:30:37 IST" skipped="0">
  <testcase classname="TestCase.TS003_UI_EMIcalculator" name="validate_EMICalPage" time="2.294"/>
</testsuite> <!-- TestCase.TS003_UI_EMIcalculator -->
